=== Row 23 (of 47) ===
[  0] ' ' fg=Default bg=Default bold=false inv=false
[  1] ' ' fg=Default bg=Default bold=false inv=false
[  2] 'c' fg=Default bg=Default bold=false inv=true
[  3] 'a' fg=Default bg=Default bold=false inv=true
[  4] 't' fg=Default bg=Default bold=false inv=true
[  5] ' ' fg=Default bg=Default bold=false inv=false
[  6] '/' fg=Default bg=Default bold=false inv=true
[  7] 't' fg=Default bg=Default bold=false inv=true
[  8] 'm' fg=Default bg=Default bold=false inv=true
[  9] 'p' fg=Default bg=Default bold=false inv=true
[ 10] '/' fg=Default bg=Default bold=false inv=true
[ 11] 's' fg=Default bg=Default bold=false inv=true
[ 12] 'c' fg=Default bg=Default bold=false inv=true
[ 13] 'r' fg=Default bg=Default bold=false inv=true
[ 14] 'n' fg=Default bg=Default bold=false inv=true
[ 15] '_' fg=Default bg=Default bold=false inv=true
[ 16] 'd' fg=Default bg=Default bold=false inv=true
[ 17] 'e' fg=Default bg=Default bold=false inv=true
[ 18] 'b' fg=Default bg=Default bold=false inv=true
[ 19] 'u' fg=Default bg=Default bold=false inv=true
[ 20] 'g' fg=Default bg=Default bold=false inv=true
[ 21] '.' fg=Default bg=Default bold=false inv=true
[ 22] 't' fg=Default bg=Default bold=false inv=true
[ 23] 'x' fg=Default bg=Default bold=false inv=true
[ 24] 't' fg=Default bg=Default bold=false inv=true
[ 25] ' ' fg=Default bg=Default bold=false inv=false
[ 26] ' ' fg=Default bg=Default bold=false inv=false
[ 27] ' ' fg=Default bg=Default bold=false inv=false
[ 28] ' ' fg=Default bg=Default bold=false inv=false
[ 29] ' ' fg=Default bg=Default bold=false inv=false
[ 30] ' ' fg=Default bg=Default bold=false inv=false
[ 31] ' ' fg=Default bg=Default bold=false inv=false
[ 32] ' ' fg=Default bg=Default bold=false inv=false
[ 33] ' ' fg=Default bg=Default bold=false inv=false
[ 34] ' ' fg=Default bg=Default bold=false inv=false
[ 35] ' ' fg=Default bg=Default bold=false inv=false
[ 36] ' ' fg=Default bg=Default bold=false inv=false
[ 37] ' ' fg=Default bg=Default bold=false inv=false
[ 38] ' ' fg=Default bg=Default bold=false inv=false
[ 39] ' ' fg=Default bg=Default bold=false inv=false
[ 40] ' ' fg=Default bg=Default bold=false inv=false
[ 41] ' ' fg=Default bg=Default bold=false inv=false
[ 42] ' ' fg=Default bg=Default bold=false inv=false
[ 43] ' ' fg=Default bg=Default bold=false inv=false
[ 44] ' ' fg=Default bg=Default bold=false inv=false
[ 45] ' ' fg=Default bg=Default bold=false inv=false
[ 46] ' ' fg=Default bg=Default bold=false inv=false
[ 47] ' ' fg=Default bg=Default bold=false inv=false
[ 48] ' ' fg=Default bg=Default bold=false inv=false
[ 49] ' ' fg=Default bg=Default bold=false inv=false
[ 50] ' ' fg=Default bg=Default bold=false inv=false
[ 51] ' ' fg=Default bg=Default bold=false inv=false
[ 52] ' ' fg=Default bg=Default bold=false inv=false
[ 53] ' ' fg=Default bg=Default bold=false inv=false
[ 54] ' ' fg=Default bg=Default bold=false inv=false
